<?xml version="1.0" encoding="UTF-8"?>
<testng-results ignored="0" total="1" passed="1" failed="0" skipped="0">
  <reporter-output>
  </reporter-output>
  <suite started-at="2024-10-23T11:57:19 IST" name="Suite" finished-at="2024-10-23T11:57:42 IST" duration-ms="23398">
    <groups>
    </groups>
    <test started-at="2024-10-23T11:57:19 IST" name="Sign in" finished-at="2024-10-23T11:57:42 IST" duration-ms="23398">
      <class name="tests.SignInTest">
        <test-method is-config="true" signature="launchBrowser()[pri:0, instance:tests.SignInTest@6cd24612]" started-at="2024-10-23T11:57:19 IST" name="launchBrowser" finished-at="2024-10-23T11:57:23 IST" duration-ms="4484" status="PASS">
          <reporter-output>
          </reporter-output>
        </test-method> <!-- launchBrowser -->
        <test-method signature="toVerifyLoginUsingEmail()[pri:0, instance:tests.SignInTest@6cd24612]" started-at="2024-10-23T11:57:23 IST" name="toVerifyLoginUsingEmail" finished-at="2024-10-23T11:57:37 IST" duration-ms="13746" status="PASS">
          <reporter-output>
          </reporter-output>
        </test-method> <!-- toVerifyLoginUsingEmail -->
        <test-method is-config="true" signature="closeDriver()[pri:0, instance:tests.SignInTest@6cd24612]" started-at="2024-10-23T11:57:37 IST" name="closeDriver" finished-at="2024-10-23T11:57:42 IST" duration-ms="5136" status="PASS">
          <reporter-output>
          </reporter-output>
        </test-method> <!-- closeDriver -->
        <test-method is-config="true" signature="exitBrowser()[pri:0, instance:tests.SignInTest@6cd24612]" started-at="2024-10-23T11:57:42 IST" name="exitBrowser" finished-at="2024-10-23T11:57:42 IST" duration-ms="0" status="PASS">
          <reporter-output>
          </reporter-output>
        </test-method> <!-- exitBrowser -->
        <test-method is-config="true" signature="sendReport()[pri:0, instance:tests.SignInTest@6cd24612]" started-at="2024-10-23T11:57:42 IST" name="sendReport" finished-at="2024-10-23T11:57:47 IST" duration-ms="4562" status="PASS">
          <reporter-output>
          </reporter-output>
        </test-method> <!-- sendReport -->
      </class> <!-- tests.SignInTest -->
    </test> <!-- Sign in -->
  </suite> <!-- Suite -->
</testng-results>
